trial,freq,marker
1,76,38
2,112,56
3,242,121
4,232,116
5,244,122
6,174,87
7,60,30
8,186,93
9,196,98
10,90,45
11,136,68
12,176,88
13,100,50
14,40,20
15,248,124
16,180,90
17,160,80
18,110,55
19,188,94
20,42,21
21,82,41
22,92,46
23,154,77
24,54,27
25,64,32
26,174,87
27,144,72
28,234,117
29,62,31
30,194,97
31,122,61
32,72,36
33,62,31
34,126,63
35,132,66
36,86,43
37,190,95
38,152,76
39,168,84
40,76,38
41,112,56
42,242,121
43,232,116
44,244,122
45,174,87
46,60,30
47,186,93
48,196,98
49,90,45
50,136,68
51,176,88
52,100,50
53,40,20
54,248,124
55,180,90
56,160,80
57,110,55
58,188,94
59,76,38
60,112,56
61,242,121
62,232,116
63,244,122
64,174,87
65,160,6
66,220,9
67,160,6
68,220,9
69,140,5
70,200,8
71,260,11
72,40,0
73,180,7
74,160,6
75,120,4
76,80,2
77,240,10
78,80,2
79,180,7
80,180,7
81,160,6
82,220,9
83,160,6
84,40,0
85,200,8
86,100,3
87,220,9
88,180,7
89,140,5
90,100,3
91,60,1
92,240,10
93,100,3
94,40,0
95,80,2
96,240,10
97,160,6
98,180,7
99,120,4
100,220,9
