trial,freq,marker
1,250,4
2,50,0
3,200,3
4,200,3
5,250,4
6,50,0
7,150,2
8,50,0
9,100,1
10,100,1
11,50,0
12,50,0
13,50,0
14,200,3
15,50,0
16,100,1
17,150,2
18,200,3
19,150,2
20,150,2
21,250,4
22,50,0
23,250,4
24,150,2
25,100,1
26,100,1
27,200,3
28,200,3
29,200,3
30,100,1
31,200,3
32,250,4
33,250,4
34,250,4
35,250,4
36,50,0
37,100,1
38,50,0
39,250,4
40,200,3
41,50,0
42,100,1
43,150,2
44,150,2
45,200,3
46,150,2
47,200,3
48,200,3
49,150,2
50,100,1
51,250,4
52,200,3
53,150,2
54,50,0
55,200,3
56,200,3
57,50,0
58,50,0
59,200,3
60,200,3
61,50,0
62,50,0
63,50,0
64,250,4
65,50,0
66,200,3
67,100,1
68,50,0
69,100,1
70,100,1
71,200,3
72,50,0
73,200,3
74,50,0
75,100,1
76,200,3
77,100,1
78,250,4
79,50,0
80,200,3
81,200,3
82,200,3
83,50,0
84,200,3
85,250,4
86,150,2
87,100,1
88,200,3
89,200,3
90,100,1
91,200,3
92,150,2
93,100,1
94,100,1
95,150,2
96,50,0
97,50,0
98,50,0
99,100,1
100,200,3
101,50,0
102,50,0
103,250,4
104,100,1
105,100,1
106,150,2
107,250,4
108,150,2
109,200,3
110,100,1
111,150,2
112,200,3
113,100,1
114,50,0
115,250,4
116,100,1
117,50,0
118,50,0
119,200,3
120,50,0
121,200,3
122,50,0
123,150,2
124,250,4
125,200,3
126,100,1
127,250,4
128,250,4
129,150,2
130,50,0
131,50,0
132,200,3
133,250,4
134,150,2
135,100,1
136,200,3
137,150,2
138,150,2
139,250,4
140,100,1
141,50,0
142,50,0
143,200,3
144,150,2
145,100,1
146,50,0
147,50,0
148,50,0
149,50,0
150,100,1
151,100,1
152,50,0
153,50,0
154,250,4
155,100,1
156,100,1
157,100,1
158,200,3
159,100,1
160,50,0
161,250,4
162,50,0
163,150,2
164,250,4
165,50,0
166,50,0
167,200,3
168,250,4
169,250,4
170,200,3
171,150,2
172,150,2
173,200,3
174,150,2
175,50,0
176,150,2
177,200,3
178,50,0
179,250,4
180,50,0
181,200,3
182,100,1
183,50,0
184,200,3
185,250,4
186,250,4
187,50,0
188,200,3
189,200,3
190,250,4
191,50,0
192,100,1
193,150,2
194,50,0
195,50,0
196,100,1
197,100,1
198,100,1
199,200,3
200,150,2
201,100,1
202,250,4
203,250,4
204,150,2
205,150,2
206,250,4
207,150,2
208,50,0
209,150,2
210,150,2
211,100,1
212,200,3
213,250,4
214,150,2
215,200,3
216,150,2
217,150,2
218,50,0
219,150,2
220,150,2
221,200,3
222,100,1
223,50,0
224,200,3
225,200,3
226,250,4
227,200,3
228,250,4
229,200,3
230,100,1
231,200,3
232,200,3
233,150,2
234,100,1
235,50,0
236,100,1
237,250,4
238,200,3
239,50,0
240,200,3
241,150,2
242,200,3
243,150,2
244,250,4
245,50,0
246,50,0
247,100,1
248,100,1
249,100,1
250,200,3
251,250,4
252,100,1
253,50,0
254,250,4
255,150,2
256,100,1
257,250,4
258,150,2
259,200,3
260,250,4
261,150,2
262,150,2
263,200,3
264,150,2
265,250,4
266,150,2
267,250,4
268,100,1
269,250,4
270,250,4
271,150,2
272,150,2
273,100,1
274,50,0
275,150,2
276,150,2
277,250,4
278,50,0
279,50,0
280,200,3
281,150,2
282,200,3
283,50,0
284,200,3
285,200,3
286,150,2
287,200,3
288,250,4
289,150,2
290,100,1
291,100,1
292,200,3
293,150,2
294,150,2
295,100,1
296,250,4
297,100,1
298,250,4
299,50,0
300,250,4
301,250,4
302,150,2
303,200,3
304,50,0
305,50,0
306,250,4
307,150,2
308,200,3
309,200,3
310,250,4
311,100,1
312,250,4
313,50,0
314,150,2
315,200,3
316,100,1
317,50,0
318,50,0
319,100,1
320,100,1
321,250,4
322,200,3
323,150,2
324,50,0
325,150,2
326,150,2
327,100,1
328,200,3
329,250,4
330,200,3
331,50,0
332,250,4
333,50,0
334,50,0
335,200,3
336,150,2
337,200,3
338,150,2
339,50,0
340,200,3
341,150,2
342,100,1
343,50,0
344,250,4
345,50,0
346,150,2
347,50,0
348,100,1
349,50,0
350,200,3
351,200,3
352,150,2
353,50,0
354,150,2
355,250,4
356,200,3
357,200,3
358,250,4
359,250,4
360,150,2
361,200,3
362,100,1
363,150,2
364,150,2
365,100,1
366,250,4
367,250,4
368,150,2
369,100,1
370,50,0
371,100,1
372,100,1
373,200,3
374,150,2
375,150,2
376,100,1
377,200,3
378,200,3
379,200,3
380,100,1
381,150,2
382,200,3
383,250,4
384,100,1
385,200,3
386,100,1
387,200,3
388,50,0
389,200,3
390,250,4
391,50,0
392,150,2
393,200,3
394,200,3
395,250,4
396,100,1
397,100,1
398,150,2
399,100,1
400,100,1
401,100,1
402,50,0
403,150,2
404,50,0
405,50,0
406,200,3
407,100,1
408,150,2
409,50,0
410,200,3
411,100,1
412,200,3
413,150,2
414,250,4
415,50,0
416,50,0
417,150,2
418,250,4
419,250,4
420,200,3
421,200,3
422,150,2
423,100,1
424,100,1
425,150,2
426,100,1
427,50,0
428,150,2
429,150,2
430,150,2
431,200,3
432,200,3
433,150,2
434,200,3
435,200,3
436,150,2
437,200,3
438,50,0
439,50,0
440,150,2
441,100,1
442,200,3
443,200,3
444,150,2
445,150,2
446,50,0
447,200,3
448,200,3
449,50,0
450,250,4
451,150,2
452,100,1
453,50,0
454,250,4
455,50,0
456,200,3
457,50,0
458,250,4
459,150,2
460,250,4
461,50,0
462,250,4
463,200,3
464,100,1
465,150,2
466,100,1
467,250,4
468,200,3
469,150,2
470,250,4
471,200,3
472,100,1
473,200,3
474,200,3
475,250,4
476,150,2
477,100,1
478,150,2
479,50,0
480,150,2
481,100,1
482,150,2
483,150,2
484,100,1
485,250,4
486,100,1
487,150,2
488,250,4
489,250,4
490,200,3
491,250,4
492,100,1
493,250,4
494,150,2
495,200,3
496,50,0
497,200,3
498,150,2
499,100,1
500,150,2
501,150,2
502,200,3
503,200,3
504,50,0
505,150,2
506,50,0
507,150,2
508,50,0
509,250,4
510,250,4
511,50,0
512,50,0
513,50,0
514,250,4
515,150,2
516,150,2
517,200,3
518,100,1
519,100,1
520,250,4
521,50,0
522,100,1
523,50,0
524,100,1
525,100,1
526,100,1
527,250,4
528,50,0
529,150,2
530,50,0
531,100,1
532,50,0
533,50,0
534,50,0
535,50,0
536,250,4
537,250,4
538,100,1
539,150,2
540,100,1
541,200,3
542,200,3
543,250,4
544,100,1
545,50,0
546,50,0
547,200,3
548,150,2
549,50,0
550,100,1
551,250,4
552,50,0
553,250,4
554,100,1
555,250,4
556,250,4
557,150,2
558,150,2
559,200,3
560,50,0
561,50,0
562,100,1
563,150,2
564,100,1
565,50,0
566,250,4
567,50,0
568,50,0
569,100,1
570,250,4
571,100,1
572,200,3
573,50,0
574,200,3
575,250,4
576,50,0
577,200,3
578,150,2
579,50,0
580,100,1
581,250,4
582,150,2
583,200,3
584,100,1
585,250,4
586,250,4
587,200,3
588,100,1
589,200,3
590,50,0
591,50,0
592,200,3
593,50,0
594,250,4
595,50,0
596,150,2
597,250,4
598,150,2
599,200,3
600,200,3
601,150,2
602,50,0
603,50,0
604,150,2
605,200,3
606,250,4
607,200,3
608,250,4
609,200,3
610,100,1
611,250,4
612,150,2
613,50,0
614,150,2
615,150,2
616,250,4
617,150,2
618,200,3
619,200,3
620,100,1
621,100,1
622,100,1
623,100,1
624,200,3
625,250,4
626,200,3
627,250,4
628,250,4
629,50,0
630,50,0
631,50,0
632,100,1
633,250,4
634,200,3
635,100,1
636,150,2
637,50,0
638,100,1
639,250,4
640,150,2
641,50,0
642,100,1
643,100,1
644,100,1
645,200,3
646,150,2
647,100,1
648,100,1
649,150,2
650,200,3
651,150,2
652,200,3
653,200,3
654,150,2
655,100,1
656,150,2
657,200,3
658,50,0
659,100,1
660,100,1
661,150,2
662,200,3
663,250,4
664,50,0
665,200,3
666,250,4
667,150,2
668,200,3
669,150,2
670,150,2
671,100,1
672,50,0
673,150,2
674,250,4
675,250,4
676,250,4
677,150,2
678,200,3
679,150,2
680,50,0
681,100,1
682,200,3
683,150,2
684,50,0
685,250,4
686,100,1
687,50,0
688,250,4
689,50,0
690,250,4
691,250,4
692,200,3
693,250,4
694,100,1
695,150,2
696,100,1
697,100,1
698,50,0
699,250,4
700,200,3
701,50,0
702,250,4
703,200,3
704,250,4
705,150,2
706,50,0
707,250,4
708,250,4
709,150,2
710,250,4
711,100,1
712,50,0
713,50,0
714,150,2
715,50,0
716,250,4
717,250,4
718,150,2
719,100,1
720,150,2
721,150,2
722,150,2
723,200,3
724,100,1
725,250,4
726,200,3
727,150,2
728,200,3
729,200,3
730,200,3
731,100,1
732,100,1
733,200,3
734,50,0
735,150,2
736,250,4
737,250,4
738,150,2
739,200,3
740,200,3
741,50,0
742,100,1
743,100,1
744,200,3
745,200,3
746,250,4
747,50,0
748,200,3
749,250,4
750,150,2
751,100,1
752,50,0
753,100,1
754,50,0
755,150,2
756,200,3
757,150,2
758,100,1
759,200,3
760,100,1
761,250,4
762,200,3
763,100,1
764,100,1
765,250,4
766,50,0
767,100,1
768,100,1
769,50,0
770,150,2
771,50,0
772,200,3
773,150,2
774,50,0
775,200,3
776,250,4
777,200,3
778,50,0
779,50,0
780,200,3
781,100,1
782,100,1
783,250,4
784,200,3
785,250,4
786,200,3
787,50,0
788,200,3
789,200,3
790,50,0
791,100,1
792,100,1
793,150,2
794,200,3
795,50,0
796,250,4
797,250,4
798,50,0
799,150,2
800,100,1
801,150,2
802,100,1
803,100,1
804,200,3
805,100,1
806,100,1
807,250,4
808,200,3
809,150,2
810,200,3
811,150,2
812,50,0
813,250,4
814,150,2
815,200,3
816,50,0
817,200,3
818,100,1
819,50,0
820,200,3
821,250,4
822,250,4
823,200,3
824,50,0
825,100,1
826,100,1
827,200,3
828,250,4
829,200,3
830,50,0
831,100,1
832,100,1
833,100,1
834,50,0
835,200,3
836,250,4
837,50,0
838,150,2
839,200,3
840,100,1
841,100,1
842,200,3
843,50,0
844,250,4
845,150,2
846,50,0
847,150,2
848,50,0
849,100,1
850,200,3
851,100,1
852,50,0
853,100,1
854,100,1
855,150,2
856,200,3
857,250,4
858,150,2
859,50,0
860,200,3
861,100,1
862,50,0
863,250,4
864,100,1
865,200,3
866,200,3
867,50,0
868,200,3
869,100,1
870,250,4
871,150,2
872,250,4
873,200,3
874,200,3
875,50,0
876,150,2
877,150,2
878,250,4
879,50,0
880,250,4
881,200,3
882,200,3
883,200,3
884,250,4
885,150,2
886,50,0
887,50,0
888,200,3
889,250,4
890,250,4
891,50,0
892,150,2
893,250,4
894,100,1
895,250,4
896,50,0
897,50,0
898,200,3
899,200,3
900,50,0
901,50,0
902,150,2
903,250,4
904,150,2
905,100,1
906,200,3
907,250,4
908,50,0
909,150,2
910,250,4
911,150,2
912,100,1
913,200,3
914,50,0
915,50,0
916,200,3
917,150,2
918,150,2
919,100,1
920,250,4
921,150,2
922,150,2
923,100,1
924,250,4
925,150,2
926,250,4
927,250,4
928,150,2
929,200,3
930,150,2
931,50,0
932,100,1
933,200,3
934,200,3
935,100,1
936,250,4
937,100,1
938,150,2
939,50,0
940,50,0
941,100,1
942,100,1
943,50,0
944,150,2
945,150,2
946,200,3
947,50,0
948,50,0
949,200,3
950,50,0
951,100,1
952,150,2
953,150,2
954,200,3
955,200,3
956,50,0
957,100,1
958,100,1
959,200,3
960,150,2
961,200,3
962,100,1
963,250,4
964,200,3
965,200,3
966,100,1
967,250,4
968,150,2
969,200,3
970,250,4
971,150,2
972,100,1
973,150,2
974,150,2
975,150,2
976,250,4
977,50,0
978,250,4
979,200,3
980,100,1
981,50,0
982,50,0
983,50,0
984,250,4
985,200,3
986,100,1
987,200,3
988,200,3
989,200,3
990,250,4
991,100,1
992,200,3
993,50,0
994,150,2
995,100,1
996,50,0
997,100,1
998,150,2
999,150,2
1000,100,1
