trial,freq,marker
1,50,1
2,150,3
3,100,2
4,250,5
5,50,1
6,50,1
7,50,1
8,250,5
9,100,2
10,50,1
11,250,5
12,250,5
13,50,1
14,150,3
15,200,4
16,50,1
17,100,2
18,200,4
19,100,2
20,250,5
21,200,4
22,100,2
23,200,4
24,150,3
25,150,3
26,200,4
27,100,2
28,50,1
29,50,1
30,200,4
31,200,4
32,100,2
33,200,4
34,150,3
35,200,4
36,150,3
37,150,3
38,250,5
39,150,3
40,200,4
41,250,5
42,250,5
43,100,2
44,200,4
45,250,5
46,150,3
47,50,1
48,150,3
49,200,4
50,200,4
51,250,5
52,200,4
53,50,1
54,150,3
55,150,3
56,250,5
57,100,2
58,200,4
59,200,4
60,50,1
61,150,3
62,100,2
63,100,2
64,250,5
65,100,2
66,250,5
67,150,3
68,50,1
69,200,4
70,150,3
71,250,5
72,250,5
73,50,1
74,200,4
75,250,5
76,200,4
77,200,4
78,150,3
79,50,1
80,250,5
81,50,1
82,250,5
83,150,3
84,100,2
85,50,1
86,100,2
87,50,1
88,150,3
89,50,1
90,150,3
91,150,3
92,200,4
93,100,2
94,150,3
95,100,2
96,150,3
97,250,5
98,250,5
99,50,1
100,100,2
101,50,1
102,250,5
103,250,5
104,50,1
105,200,4
106,100,2
107,200,4
108,150,3
109,250,5
110,250,5
111,150,3
112,100,2
113,50,1
114,250,5
115,150,3
116,50,1
117,150,3
118,50,1
119,150,3
120,50,1
121,150,3
122,200,4
123,150,3
124,200,4
125,250,5
126,150,3
127,100,2
128,200,4
129,250,5
130,200,4
131,250,5
132,50,1
133,100,2
134,100,2
135,250,5
136,200,4
137,150,3
138,200,4
139,250,5
140,50,1
141,100,2
142,100,2
143,100,2
144,250,5
145,150,3
146,200,4
147,250,5
148,250,5
149,250,5
150,200,4
151,200,4
152,100,2
153,200,4
154,200,4
155,150,3
156,200,4
157,150,3
158,150,3
159,250,5
160,200,4
161,150,3
162,150,3
163,250,5
164,250,5
165,250,5
166,150,3
167,100,2
168,200,4
169,150,3
170,150,3
171,150,3
172,50,1
173,50,1
174,50,1
175,100,2
176,150,3
177,150,3
178,250,5
179,200,4
180,100,2
181,50,1
182,200,4
183,250,5
184,100,2
185,50,1
186,100,2
187,200,4
188,150,3
189,150,3
190,100,2
191,50,1
192,50,1
193,100,2
194,250,5
195,50,1
196,100,2
197,100,2
198,200,4
199,50,1
200,200,4
201,200,4
202,50,1
203,100,2
204,150,3
205,100,2
206,150,3
207,250,5
208,150,3
209,150,3
210,200,4
211,200,4
212,200,4
213,200,4
214,200,4
215,50,1
216,150,3
217,50,1
218,100,2
219,50,1
220,150,3
221,200,4
222,100,2
223,100,2
224,50,1
225,150,3
226,250,5
227,100,2
228,250,5
229,200,4
230,250,5
231,200,4
232,200,4
233,50,1
234,150,3
235,50,1
236,200,4
237,100,2
238,200,4
239,150,3
240,250,5
241,200,4
242,50,1
243,250,5
244,200,4
245,100,2
246,100,2
247,250,5
248,150,3
249,100,2
250,200,4
251,150,3
252,100,2
253,50,1
254,150,3
255,50,1
256,200,4
257,150,3
258,50,1
259,250,5
260,50,1
261,250,5
262,100,2
263,200,4
264,200,4
265,50,1
266,250,5
267,200,4
268,250,5
269,50,1
270,50,1
271,150,3
272,50,1
273,200,4
274,200,4
275,250,5
276,150,3
277,100,2
278,200,4
279,200,4
280,250,5
281,50,1
282,50,1
283,250,5
284,100,2
285,200,4
286,250,5
287,100,2
288,150,3
289,200,4
290,50,1
291,50,1
292,250,5
293,50,1
294,200,4
295,50,1
296,100,2
297,200,4
298,50,1
299,50,1
300,50,1
301,50,1
302,100,2
303,150,3
304,250,5
305,50,1
306,150,3
307,50,1
308,200,4
309,50,1
310,200,4
311,100,2
312,150,3
313,150,3
314,250,5
315,150,3
316,50,1
317,150,3
318,250,5
319,100,2
320,50,1
321,150,3
322,50,1
323,150,3
324,250,5
325,100,2
326,150,3
327,50,1
328,250,5
329,250,5
330,250,5
331,100,2
332,150,3
333,250,5
334,250,5
335,200,4
336,150,3
337,250,5
338,250,5
339,250,5
340,50,1
341,100,2
342,250,5
343,100,2
344,150,3
345,200,4
346,250,5
347,50,1
348,100,2
349,250,5
350,100,2
351,200,4
352,50,1
353,50,1
354,200,4
355,100,2
356,50,1
357,250,5
358,100,2
359,50,1
360,100,2
361,150,3
362,150,3
363,100,2
364,150,3
365,200,4
366,50,1
367,50,1
368,150,3
369,250,5
370,50,1
371,250,5
372,200,4
373,250,5
374,100,2
375,50,1
376,50,1
377,50,1
378,200,4
379,150,3
380,50,1
381,200,4
382,100,2
383,100,2
384,100,2
385,50,1
386,100,2
387,100,2
388,150,3
389,100,2
390,150,3
391,50,1
392,150,3
393,200,4
394,250,5
395,250,5
396,250,5
397,200,4
398,250,5
399,100,2
400,50,1
401,150,3
402,50,1
403,200,4
404,200,4
405,100,2
406,50,1
407,200,4
408,250,5
409,250,5
410,100,2
411,50,1
412,150,3
413,200,4
414,200,4
415,100,2
416,250,5
417,150,3
418,150,3
419,200,4
420,200,4
421,100,2
422,150,3
423,50,1
424,150,3
425,50,1
426,100,2
427,150,3
428,50,1
429,200,4
430,100,2
431,50,1
432,200,4
433,50,1
434,150,3
435,50,1
436,100,2
437,250,5
438,200,4
439,200,4
440,200,4
441,200,4
442,150,3
443,100,2
444,200,4
445,200,4
446,100,2
447,50,1
448,100,2
449,100,2
450,150,3
451,250,5
452,150,3
453,100,2
454,100,2
455,250,5
456,250,5
457,50,1
458,150,3
459,250,5
460,200,4
461,150,3
462,200,4
463,250,5
464,150,3
465,100,2
466,100,2
467,100,2
468,250,5
469,150,3
470,200,4
471,100,2
472,250,5
473,250,5
474,150,3
475,250,5
476,100,2
477,50,1
478,200,4
479,150,3
480,50,1
481,200,4
482,150,3
483,200,4
484,200,4
485,250,5
486,100,2
487,100,2
488,100,2
489,150,3
490,100,2
491,250,5
492,100,2
493,150,3
494,200,4
495,150,3
496,200,4
497,100,2
498,50,1
499,200,4
500,100,2
501,250,5
502,250,5
503,50,1
504,250,5
505,100,2
506,200,4
507,100,2
508,50,1
509,100,2
510,200,4
511,50,1
512,50,1
513,100,2
514,200,4
515,50,1
516,50,1
517,150,3
518,200,4
519,200,4
520,250,5
521,150,3
522,150,3
523,50,1
524,100,2
525,100,2
526,100,2
527,50,1
528,50,1
529,100,2
530,150,3
531,250,5
532,250,5
533,250,5
534,150,3
535,50,1
536,50,1
537,250,5
538,100,2
539,150,3
540,200,4
541,250,5
542,100,2
543,200,4
544,150,3
545,150,3
546,150,3
547,100,2
548,100,2
549,200,4
550,50,1
551,150,3
552,50,1
553,200,4
554,50,1
555,100,2
556,50,1
557,100,2
558,50,1
559,100,2
560,100,2
561,150,3
562,150,3
563,200,4
564,50,1
565,250,5
566,150,3
567,50,1
568,250,5
569,100,2
570,50,1
571,200,4
572,50,1
573,50,1
574,250,5
575,100,2
576,100,2
577,200,4
578,200,4
579,200,4
580,250,5
581,50,1
582,50,1
583,250,5
584,50,1
585,250,5
586,250,5
587,250,5
588,50,1
589,150,3
590,150,3
591,250,5
592,200,4
593,200,4
594,200,4
595,250,5
596,100,2
597,50,1
598,100,2
599,100,2
600,150,3
601,100,2
602,250,5
603,200,4
604,50,1
605,100,2
606,100,2
607,50,1
608,150,3
609,200,4
610,100,2
611,250,5
612,150,3
613,250,5
614,200,4
615,250,5
616,50,1
617,150,3
618,200,4
619,200,4
620,250,5
621,200,4
622,250,5
623,150,3
624,50,1
625,150,3
626,150,3
627,200,4
628,150,3
629,200,4
630,100,2
631,100,2
632,150,3
633,200,4
634,150,3
635,150,3
636,250,5
637,100,2
638,150,3
639,250,5
640,150,3
641,200,4
642,250,5
643,50,1
644,200,4
645,250,5
646,250,5
647,200,4
648,100,2
649,200,4
650,100,2
651,250,5
652,50,1
653,50,1
654,100,2
655,150,3
656,150,3
657,250,5
658,200,4
659,50,1
660,50,1
661,250,5
662,250,5
663,200,4
664,150,3
665,250,5
666,150,3
667,150,3
668,50,1
669,100,2
670,150,3
671,200,4
672,250,5
673,150,3
674,150,3
675,100,2
676,250,5
677,50,1
678,150,3
679,250,5
680,150,3
681,200,4
682,50,1
683,100,2
684,50,1
685,150,3
686,150,3
687,250,5
688,250,5
689,100,2
690,100,2
691,100,2
692,50,1
693,50,1
694,100,2
695,250,5
696,100,2
697,150,3
698,50,1
699,100,2
700,150,3
701,50,1
702,150,3
703,200,4
704,50,1
705,250,5
706,50,1
707,250,5
708,250,5
709,250,5
710,50,1
711,250,5
712,200,4
713,250,5
714,150,3
715,50,1
716,50,1
717,250,5
718,150,3
719,250,5
720,150,3
721,250,5
722,150,3
723,200,4
724,200,4
725,150,3
726,200,4
727,150,3
728,200,4
729,100,2
730,200,4
731,100,2
732,200,4
733,100,2
734,200,4
735,50,1
736,200,4
737,100,2
738,50,1
739,100,2
740,250,5
741,150,3
742,200,4
743,200,4
744,250,5
745,50,1
746,50,1
747,150,3
748,150,3
749,50,1
750,250,5
751,150,3
752,50,1
753,150,3
754,100,2
755,250,5
756,50,1
757,250,5
758,150,3
759,100,2
760,100,2
761,50,1
762,100,2
763,250,5
764,100,2
765,200,4
766,200,4
767,50,1
768,50,1
769,200,4
770,250,5
771,100,2
772,250,5
773,250,5
774,50,1
775,150,3
776,200,4
777,250,5
778,150,3
779,100,2
780,200,4
781,200,4
782,250,5
783,150,3
784,250,5
785,150,3
786,100,2
787,100,2
788,250,5
789,150,3
790,200,4
791,50,1
792,50,1
793,150,3
794,100,2
795,100,2
796,150,3
797,150,3
798,250,5
799,100,2
800,100,2
801,150,3
802,250,5
803,200,4
804,250,5
805,100,2
806,150,3
807,100,2
808,100,2
809,250,5
810,200,4
811,150,3
812,150,3
813,200,4
814,100,2
815,50,1
816,50,1
817,100,2
818,150,3
819,50,1
820,100,2
821,200,4
822,150,3
823,50,1
824,100,2
825,100,2
826,150,3
827,150,3
828,200,4
829,150,3
830,100,2
831,150,3
832,150,3
833,250,5
834,200,4
835,150,3
836,50,1
837,250,5
838,150,3
839,100,2
840,250,5
841,100,2
842,50,1
843,250,5
844,100,2
845,100,2
846,100,2
847,200,4
848,250,5
849,200,4
850,50,1
851,150,3
852,100,2
853,50,1
854,150,3
855,50,1
856,100,2
857,200,4
858,200,4
859,250,5
860,200,4
861,150,3
862,50,1
863,50,1
864,100,2
865,50,1
866,150,3
867,150,3
868,250,5
869,100,2
870,100,2
871,200,4
872,100,2
873,50,1
874,100,2
875,50,1
876,50,1
877,50,1
878,200,4
879,100,2
880,200,4
881,200,4
882,200,4
883,200,4
884,250,5
885,250,5
886,50,1
887,250,5
888,50,1
889,150,3
890,150,3
891,100,2
892,150,3
893,150,3
894,200,4
895,250,5
896,50,1
897,150,3
898,150,3
899,100,2
900,200,4
901,150,3
902,100,2
903,200,4
904,100,2
905,250,5
906,200,4
907,50,1
908,200,4
909,250,5
910,50,1
911,100,2
912,150,3
913,250,5
914,150,3
915,200,4
916,200,4
917,50,1
918,100,2
919,100,2
920,100,2
921,50,1
922,150,3
923,100,2
924,200,4
925,200,4
926,100,2
927,250,5
928,200,4
929,150,3
930,200,4
931,100,2
932,250,5
933,150,3
934,150,3
935,150,3
936,150,3
937,150,3
938,150,3
939,200,4
940,50,1
941,200,4
942,200,4
943,150,3
944,150,3
945,200,4
946,150,3
947,150,3
948,150,3
949,50,1
950,50,1
951,50,1
952,50,1
953,200,4
954,50,1
955,200,4
956,200,4
957,100,2
958,50,1
959,50,1
960,50,1
961,50,1
962,200,4
963,50,1
964,200,4
965,200,4
966,250,5
967,150,3
968,150,3
969,100,2
970,50,1
971,100,2
972,50,1
973,150,3
974,50,1
975,50,1
976,250,5
977,200,4
978,250,5
979,200,4
980,150,3
981,100,2
982,50,1
983,150,3
984,200,4
985,150,3
986,50,1
987,150,3
988,200,4
989,250,5
990,50,1
991,200,4
992,50,1
993,200,4
994,250,5
995,100,2
996,50,1
997,100,2
998,100,2
999,150,3
1000,150,3
1001,200,4
1002,100,2
1003,100,2
1004,50,1
1005,150,3
1006,200,4
1007,150,3
1008,100,2
1009,200,4
1010,250,5
1011,200,4
1012,200,4
1013,200,4
1014,50,1
1015,200,4
1016,50,1
1017,150,3
1018,250,5
1019,150,3
1020,250,5
1021,150,3
1022,200,4
1023,50,1
1024,250,5
1025,150,3
1026,100,2
1027,100,2
1028,100,2
1029,150,3
1030,150,3
1031,100,2
1032,150,3
1033,100,2
1034,50,1
1035,200,4
1036,100,2
1037,150,3
1038,200,4
1039,250,5
1040,200,4
1041,200,4
1042,200,4
1043,200,4
1044,100,2
1045,50,1
1046,150,3
1047,150,3
1048,200,4
1049,100,2
1050,50,1
1051,100,2
1052,50,1
1053,150,3
1054,200,4
1055,100,2
1056,250,5
1057,100,2
1058,50,1
1059,150,3
1060,250,5
1061,200,4
1062,200,4
1063,50,1
1064,200,4
1065,100,2
1066,150,3
1067,50,1
1068,250,5
1069,100,2
1070,50,1
1071,250,5
1072,150,3
1073,200,4
1074,100,2
1075,200,4
1076,200,4
1077,100,2
1078,150,3
1079,150,3
1080,200,4
1081,150,3
1082,200,4
1083,200,4
1084,100,2
1085,150,3
1086,150,3
1087,200,4
1088,250,5
1089,150,3
1090,50,1
1091,250,5
1092,200,4
1093,150,3
1094,150,3
1095,250,5
1096,50,1
1097,150,3
1098,250,5
1099,250,5
1100,250,5
1101,50,1
1102,100,2
1103,50,1
1104,150,3
1105,200,4
1106,100,2
1107,150,3
1108,250,5
1109,100,2
1110,150,3
1111,150,3
1112,150,3
1113,150,3
1114,50,1
1115,100,2
1116,250,5
1117,150,3
1118,100,2
1119,200,4
1120,200,4
1121,250,5
1122,250,5
1123,50,1
1124,200,4
1125,250,5
1126,250,5
1127,150,3
1128,200,4
1129,150,3
1130,150,3
1131,200,4
1132,150,3
1133,150,3
1134,100,2
1135,150,3
1136,250,5
1137,150,3
1138,150,3
1139,150,3
1140,100,2
1141,50,1
1142,100,2
1143,100,2
1144,50,1
1145,200,4
1146,250,5
1147,200,4
1148,50,1
1149,250,5
1150,250,5
1151,250,5
1152,250,5
1153,200,4
1154,50,1
1155,100,2
1156,50,1
1157,200,4
1158,150,3
1159,150,3
1160,150,3
1161,100,2
1162,50,1
1163,50,1
1164,50,1
1165,150,3
1166,200,4
1167,250,5
1168,50,1
1169,200,4
1170,50,1
1171,50,1
1172,50,1
1173,100,2
1174,100,2
1175,250,5
1176,100,2
1177,50,1
1178,250,5
1179,50,1
1180,100,2
1181,150,3
1182,150,3
1183,150,3
1184,50,1
1185,250,5
1186,50,1
1187,250,5
1188,150,3
1189,250,5
1190,250,5
1191,250,5
1192,150,3
1193,150,3
1194,200,4
1195,200,4
1196,100,2
1197,150,3
1198,100,2
1199,250,5
1200,50,1
