trial,freq,marker
1,40,0
2,80,2
3,80,2
4,200,8
5,220,9
6,120,4
7,160,6
8,100,3
9,40,0
10,220,9
11,180,7
12,120,4
13,100,3
14,160,6
15,200,8
16,240,10
17,180,7
18,220,9
19,60,1
20,160,6
21,260,11
22,80,2
23,140,5
24,200,8
25,100,3
26,240,10
27,60,1
28,40,0
29,120,4
30,120,4
31,100,3
32,120,4
33,180,7
34,200,8
35,40,0
36,60,1
37,100,3
38,40,0
39,260,11
40,220,9
41,140,5
42,40,0
43,140,5
44,140,5
45,80,2
46,180,7
47,240,10
48,180,7
49,120,4
50,160,6
51,220,9
52,60,1
53,200,8
54,160,6
55,40,0
56,120,4
57,220,9
58,160,6
59,40,0
60,100,3
61,160,6
62,60,1
63,260,11
64,160,6
65,80,2
66,220,9
67,40,0
68,40,0
69,260,11
70,60,1
71,60,1
72,180,7
73,200,8
74,160,6
75,120,4
76,220,9
77,260,11
78,40,0
79,240,10
80,180,7
81,180,7
82,80,2
83,140,5
84,260,11
85,120,4
86,120,4
87,60,1
88,120,4
89,160,6
90,260,11
91,160,6
92,260,11
93,100,3
94,100,3
95,60,1
96,200,8
97,80,2
98,140,5
99,60,1
100,120,4
101,140,5
102,160,6
103,60,1
104,140,5
105,220,9
106,260,11
107,120,4
108,60,1
109,40,0
110,240,10
111,160,6
112,240,10
113,140,5
114,180,7
115,100,3
116,100,3
117,240,10
118,220,9
119,180,7
120,200,8
121,80,2
122,240,10
123,100,3
124,160,6
125,40,0
126,220,9
127,200,8
128,160,6
129,140,5
130,60,1
131,260,11
132,100,3
133,160,6
134,160,6
135,40,0
136,180,7
137,160,6
138,40,0
139,100,3
140,180,7
141,80,2
142,100,3
143,220,9
144,220,9
145,160,6
146,220,9
147,240,10
148,220,9
149,140,5
150,200,8
151,240,10
152,240,10
153,60,1
154,100,3
155,60,1
156,160,6
157,80,2
158,160,6
159,260,11
160,160,6
161,140,5
162,180,7
163,240,10
164,200,8
165,240,10
166,40,0
167,240,10
168,40,0
169,220,9
170,220,9
171,120,4
172,200,8
173,240,10
174,200,8
175,200,8
176,180,7
177,40,0
178,120,4
179,40,0
180,100,3
181,40,0
182,220,9
183,220,9
184,120,4
185,100,3
186,80,2
187,80,2
188,200,8
189,40,0
190,40,0
191,200,8
192,60,1
193,260,11
194,160,6
195,180,7
196,260,11
197,100,3
198,220,9
199,40,0
200,160,6
201,60,1
202,220,9
203,240,10
204,120,4
205,180,7
206,220,9
207,120,4
208,60,1
209,120,4
210,240,10
211,120,4
212,180,7
213,60,1
214,160,6
215,140,5
216,200,8
217,80,2
218,120,4
219,140,5
220,60,1
221,260,11
222,200,8
223,260,11
224,180,7
225,120,4
226,240,10
227,160,6
228,120,4
229,180,7
230,60,1
231,260,11
232,220,9
233,180,7
234,100,3
235,100,3
236,40,0
237,160,6
238,60,1
239,240,10
240,160,6
241,120,4
242,140,5
243,140,5
244,80,2
245,160,6
246,100,3
247,200,8
248,140,5
249,80,2
250,100,3
251,60,1
252,100,3
253,220,9
254,240,10
255,180,7
256,60,1
257,60,1
258,240,10
259,160,6
260,220,9
261,200,8
262,40,0
263,220,9
264,200,8
265,60,1
266,120,4
267,80,2
268,100,3
269,120,4
270,180,7
271,40,0
272,140,5
273,180,7
274,40,0
275,220,9
276,60,1
277,120,4
278,80,2
279,220,9
280,160,6
281,40,0
282,260,11
283,80,2
284,260,11
285,80,2
286,240,10
287,240,10
288,100,3
289,120,4
290,60,1
291,40,0
292,60,1
293,200,8
294,80,2
295,100,3
296,260,11
297,140,5
298,240,10
299,60,1
300,40,0
301,260,11
302,200,8
303,180,7
304,120,4
305,220,9
306,140,5
307,120,4
308,40,0
309,240,10
310,260,11
311,180,7
312,80,2
313,260,11
314,160,6
315,120,4
316,260,11
317,260,11
318,40,0
319,100,3
320,60,1
321,200,8
322,180,7
323,240,10
324,140,5
325,220,9
326,100,3
327,80,2
328,160,6
329,60,1
330,100,3
331,200,8
332,180,7
333,180,7
334,40,0
335,80,2
336,220,9
337,180,7
338,80,2
339,200,8
340,200,8
341,160,6
342,100,3
343,140,5
344,160,6
345,220,9
346,60,1
347,140,5
348,260,11
349,240,10
350,60,1
351,220,9
352,60,1
353,200,8
354,120,4
355,100,3
356,80,2
357,160,6
358,200,8
359,80,2
360,160,6
361,180,7
362,240,10
363,140,5
364,160,6
365,240,10
366,40,0
367,240,10
368,160,6
369,240,10
370,40,0
371,240,10
372,160,6
373,200,8
374,40,0
375,40,0
376,140,5
377,260,11
378,240,10
379,160,6
380,100,3
381,160,6
382,160,6
383,60,1
384,160,6
385,160,6
386,120,4
387,60,1
388,100,3
389,40,0
390,100,3
391,160,6
392,260,11
393,260,11
394,200,8
395,240,10
396,100,3
397,100,3
398,120,4
399,220,9
400,180,7
401,220,9
402,80,2
403,220,9
404,80,2
405,200,8
406,200,8
407,200,8
408,200,8
409,220,9
410,60,1
411,120,4
412,140,5
413,80,2
414,120,4
415,140,5
416,140,5
417,140,5
418,260,11
419,240,10
420,60,1
421,220,9
422,180,7
423,100,3
424,40,0
425,120,4
426,80,2
427,140,5
428,200,8
429,80,2
430,140,5
431,200,8
432,160,6
433,260,11
434,180,7
435,140,5
436,220,9
437,120,4
438,80,2
439,160,6
440,100,3
441,240,10
442,240,10
443,160,6
444,100,3
445,220,9
446,180,7
447,220,9
448,60,1
449,200,8
450,40,0
451,220,9
452,120,4
453,80,2
454,160,6
455,240,10
456,80,2
457,120,4
458,200,8
459,240,10
460,180,7
461,80,2
462,60,1
463,180,7
464,160,6
465,60,1
466,40,0
467,200,8
468,80,2
469,120,4
470,120,4
471,160,6
472,180,7
473,260,11
474,180,7
475,260,11
476,260,11
477,220,9
478,120,4
479,240,10
480,220,9
481,220,9
482,40,0
483,40,0
484,80,2
485,200,8
486,180,7
487,80,2
488,140,5
489,200,8
490,240,10
491,200,8
492,100,3
493,200,8
494,220,9
495,160,6
496,200,8
497,120,4
498,60,1
499,200,8
500,200,8
501,180,7
502,220,9
503,260,11
504,160,6
505,240,10
506,160,6
507,180,7
508,80,2
509,100,3
510,80,2
511,80,2
512,240,10
513,140,5
514,220,9
515,160,6
516,60,1
517,240,10
518,200,8
519,100,3
520,160,6
521,100,3
522,240,10
523,220,9
524,260,11
525,180,7
526,160,6
527,260,11
528,260,11
529,160,6
530,40,0
531,80,2
532,140,5
533,140,5
534,120,4
535,40,0
536,260,11
537,180,7
538,240,10
539,180,7
540,160,6
541,60,1
542,80,2
543,120,4
544,220,9
545,140,5
546,140,5
547,140,5
548,80,2
549,60,1
550,160,6
551,200,8
552,60,1
553,100,3
554,160,6
555,240,10
556,180,7
557,200,8
558,240,10
559,80,2
560,100,3
561,200,8
562,40,0
563,220,9
564,220,9
565,200,8
566,160,6
567,120,4
568,180,7
569,80,2
570,220,9
571,140,5
572,200,8
573,140,5
574,180,7
575,100,3
576,100,3
577,40,0
578,140,5
579,200,8
580,40,0
581,40,0
582,140,5
583,140,5
584,240,10
585,120,4
586,260,11
587,180,7
588,140,5
589,160,6
590,80,2
591,60,1
592,120,4
593,80,2
594,100,3
595,60,1
596,80,2
597,200,8
598,180,7
599,80,2
600,120,4
601,240,10
602,100,3
603,80,2
604,120,4
605,240,10
606,200,8
607,260,11
608,80,2
609,120,4
610,220,9
611,120,4
612,100,3
613,180,7
614,180,7
615,220,9
616,120,4
617,240,10
618,200,8
619,180,7
620,240,10
621,60,1
622,80,2
623,80,2
624,140,5
625,240,10
626,200,8
627,240,10
628,220,9
629,260,11
630,260,11
631,220,9
632,140,5
633,180,7
634,140,5
635,60,1
636,220,9
637,200,8
638,40,0
639,60,1
640,140,5
641,140,5
642,200,8
643,220,9
644,40,0
645,220,9
646,180,7
647,160,6
648,80,2
649,260,11
650,140,5
651,160,6
652,260,11
653,240,10
654,180,7
655,100,3
656,80,2
657,220,9
658,40,0
659,40,0
660,240,10
661,40,0
662,100,3
663,160,6
664,40,0
665,100,3
666,240,10
667,120,4
668,180,7
669,240,10
670,260,11
671,80,2
672,160,6
673,100,3
674,200,8
675,80,2
676,180,7
677,240,10
678,180,7
679,260,11
680,60,1
681,120,4
682,160,6
683,160,6
684,160,6
685,80,2
686,220,9
687,220,9
688,60,1
689,220,9
690,180,7
691,180,7
692,100,3
693,260,11
694,120,4
695,100,3
696,80,2
697,100,3
698,60,1
699,240,10
700,220,9
701,100,3
702,240,10
703,200,8
704,260,11
705,140,5
706,260,11
707,260,11
708,60,1
709,180,7
710,80,2
711,180,7
712,120,4
713,120,4
714,160,6
715,120,4
716,200,8
717,40,0
718,160,6
719,60,1
720,220,9
721,60,1
722,100,3
723,260,11
724,240,10
725,80,2
726,220,9
727,80,2
728,80,2
729,260,11
730,60,1
731,220,9
732,60,1
733,100,3
734,160,6
735,60,1
736,60,1
737,180,7
738,40,0
739,180,7
740,80,2
741,220,9
742,240,10
743,100,3
744,140,5
745,160,6
746,160,6
747,80,2
748,180,7
749,220,9
750,140,5
751,100,3
752,260,11
753,60,1
754,60,1
755,140,5
756,140,5
757,140,5
758,160,6
759,100,3
760,40,0
761,120,4
762,140,5
763,40,0
764,220,9
765,260,11
766,260,11
767,40,0
768,240,10
769,100,3
770,60,1
771,40,0
772,200,8
773,240,10
774,40,0
775,100,3
776,60,1
777,80,2
778,220,9
779,60,1
780,220,9
781,220,9
782,220,9
783,60,1
784,40,0
785,140,5
786,80,2
787,240,10
788,100,3
789,80,2
790,60,1
791,200,8
792,160,6
793,140,5
794,120,4
795,120,4
796,120,4
797,260,11
798,40,0
799,140,5
800,220,9
801,60,1
802,60,1
803,240,10
804,140,5
805,140,5
806,200,8
807,60,1
808,160,6
809,180,7
810,100,3
811,40,0
812,140,5
813,100,3
814,240,10
815,200,8
816,60,1
817,60,1
818,220,9
819,240,10
820,120,4
821,80,2
822,160,6
823,140,5
824,40,0
825,260,11
826,140,5
827,200,8
828,100,3
829,40,0
830,60,1
831,180,7
832,100,3
833,40,0
834,180,7
835,200,8
836,220,9
837,40,0
838,220,9
839,140,5
840,200,8
841,160,6
842,40,0
843,120,4
844,160,6
845,160,6
846,40,0
847,220,9
848,200,8
849,240,10
850,140,5
851,240,10
852,180,7
853,160,6
854,180,7
855,80,2
856,40,0
857,160,6
858,240,10
859,80,2
860,240,10
861,160,6
862,220,9
863,160,6
864,60,1
865,100,3
866,60,1
867,160,6
868,120,4
869,260,11
870,240,10
871,80,2
872,40,0
873,100,3
874,200,8
875,80,2
876,100,3
877,140,5
878,120,4
879,220,9
880,240,10
881,60,1
882,140,5
883,240,10
884,200,8
885,80,2
886,140,5
887,260,11
888,60,1
889,40,0
890,220,9
891,40,0
892,240,10
893,80,2
894,200,8
895,80,2
896,260,11
897,80,2
898,140,5
899,80,2
900,240,10
901,220,9
902,120,4
903,100,3
904,140,5
905,120,4
906,240,10
907,140,5
908,80,2
909,260,11
910,260,11
911,220,9
912,260,11
913,140,5
914,260,11
915,220,9
916,160,6
917,120,4
918,260,11
919,80,2
920,200,8
921,220,9
922,220,9
923,100,3
924,200,8
925,120,4
926,140,5
927,260,11
928,100,3
929,100,3
930,180,7
931,120,4
932,200,8
933,40,0
934,140,5
935,180,7
936,220,9
937,120,4
938,120,4
939,160,6
940,160,6
941,60,1
942,260,11
943,140,5
944,180,7
945,200,8
946,40,0
947,240,10
948,60,1
949,240,10
950,100,3
951,240,10
952,160,6
953,180,7
954,40,0
955,260,11
956,180,7
957,100,3
958,200,8
959,260,11
960,160,6
961,260,11
962,60,1
963,260,11
964,260,11
965,200,8
966,260,11
967,240,10
968,40,0
969,40,0
970,140,5
971,200,8
972,80,2
973,160,6
974,180,7
975,180,7
976,180,7
977,240,10
978,140,5
979,260,11
980,240,10
981,180,7
982,200,8
983,160,6
984,200,8
985,260,11
986,260,11
987,60,1
988,200,8
989,200,8
990,240,10
991,180,7
992,220,9
993,200,8
994,240,10
995,100,3
996,100,3
997,240,10
998,60,1
999,160,6
1000,260,11
1001,140,5
1002,200,8
1003,240,10
1004,100,3
1005,60,1
1006,80,2
1007,240,10
1008,100,3
1009,80,2
1010,160,6
1011,180,7
1012,140,5
1013,60,1
1014,60,1
1015,120,4
1016,200,8
1017,180,7
1018,60,1
1019,120,4
1020,240,10
1021,180,7
1022,100,3
1023,220,9
1024,120,4
1025,220,9
1026,140,5
1027,220,9
1028,260,11
1029,120,4
1030,200,8
1031,160,6
1032,260,11
1033,160,6
1034,160,6
1035,100,3
1036,80,2
1037,140,5
1038,180,7
1039,220,9
1040,80,2
1041,160,6
1042,260,11
1043,180,7
1044,260,11
1045,180,7
1046,100,3
1047,220,9
1048,60,1
1049,120,4
1050,80,2
1051,80,2
1052,40,0
1053,40,0
1054,220,9
1055,200,8
1056,60,1
1057,260,11
1058,120,4
1059,180,7
1060,80,2
1061,260,11
1062,220,9
1063,260,11
1064,200,8
1065,100,3
1066,140,5
1067,60,1
1068,60,1
1069,160,6
1070,240,10
1071,140,5
1072,240,10
1073,260,11
1074,140,5
1075,240,10
1076,40,0
1077,100,3
1078,200,8
1079,240,10
1080,180,7
1081,240,10
1082,180,7
1083,220,9
1084,160,6
1085,140,5
1086,220,9
1087,60,1
1088,120,4
1089,120,4
1090,200,8
1091,60,1
1092,260,11
1093,80,2
1094,40,0
1095,160,6
1096,40,0
1097,100,3
1098,180,7
1099,220,9
1100,240,10
1101,140,5
1102,180,7
1103,200,8
1104,240,10
1105,260,11
1106,80,2
1107,100,3
1108,180,7
1109,60,1
1110,160,6
1111,160,6
1112,240,10
1113,160,6
1114,60,1
1115,60,1
1116,240,10
1117,60,1
1118,260,11
1119,140,5
1120,220,9
1121,40,0
1122,200,8
1123,140,5
1124,80,2
1125,160,6
1126,240,10
1127,40,0
1128,60,1
1129,180,7
1130,260,11
1131,60,1
1132,240,10
1133,260,11
1134,240,10
1135,160,6
1136,100,3
1137,200,8
1138,220,9
1139,200,8
1140,60,1
1141,40,0
1142,120,4
1143,120,4
1144,180,7
1145,100,3
1146,160,6
1147,40,0
1148,40,0
1149,260,11
1150,260,11
1151,140,5
1152,200,8
1153,200,8
1154,100,3
1155,40,0
1156,180,7
1157,120,4
1158,40,0
1159,260,11
1160,220,9
1161,140,5
1162,220,9
1163,120,4
1164,160,6
1165,140,5
1166,80,2
1167,80,2
1168,180,7
1169,240,10
1170,140,5
1171,180,7
1172,80,2
1173,220,9
1174,80,2
1175,140,5
1176,240,10
1177,200,8
1178,100,3
1179,260,11
1180,40,0
1181,40,0
1182,240,10
1183,200,8
1184,60,1
1185,160,6
1186,40,0
1187,260,11
1188,220,9
1189,120,4
1190,220,9
1191,140,5
1192,140,5
1193,120,4
1194,180,7
1195,220,9
1196,100,3
1197,100,3
1198,40,0
1199,100,3
1200,180,7
1201,80,2
1202,160,6
1203,220,9
1204,240,10
1205,180,7
1206,120,4
1207,80,2
1208,140,5
1209,180,7
1210,140,5
1211,220,9
1212,240,10
1213,40,0
1214,40,0
1215,60,1
1216,140,5
1217,60,1
1218,180,7
1219,160,6
1220,40,0
1221,220,9
1222,40,0
1223,220,9
1224,80,2
1225,100,3
1226,240,10
1227,140,5
1228,140,5
1229,240,10
1230,160,6
1231,260,11
1232,100,3
1233,260,11
1234,100,3
1235,120,4
1236,260,11
1237,60,1
1238,80,2
1239,80,2
1240,120,4
1241,180,7
1242,200,8
1243,160,6
1244,140,5
1245,220,9
1246,220,9
1247,200,8
1248,100,3
1249,40,0
1250,120,4
1251,100,3
1252,80,2
1253,60,1
1254,60,1
1255,80,2
1256,100,3
1257,180,7
1258,140,5
1259,240,10
1260,80,2
1261,80,2
1262,160,6
1263,60,1
1264,160,6
1265,260,11
1266,160,6
1267,260,11
1268,180,7
1269,60,1
1270,160,6
1271,80,2
1272,60,1
1273,200,8
1274,220,9
1275,100,3
1276,160,6
1277,140,5
1278,200,8
1279,140,5
1280,240,10
1281,80,2
1282,140,5
1283,200,8
1284,160,6
1285,160,6
1286,260,11
1287,200,8
1288,140,5
1289,100,3
1290,40,0
1291,220,9
1292,220,9
1293,120,4
1294,240,10
1295,60,1
1296,180,7
1297,200,8
1298,260,11
1299,220,9
1300,140,5
1301,200,8
1302,140,5
1303,200,8
1304,40,0
1305,260,11
1306,40,0
1307,120,4
1308,100,3
1309,140,5
1310,80,2
1311,160,6
1312,220,9
1313,260,11
1314,200,8
1315,80,2
1316,100,3
1317,60,1
1318,220,9
1319,220,9
1320,140,5
1321,100,3
1322,140,5
1323,100,3
1324,60,1
1325,80,2
1326,160,6
1327,260,11
1328,120,4
1329,160,6
1330,80,2
1331,180,7
1332,200,8
1333,220,9
1334,160,6
1335,160,6
1336,60,1
1337,140,5
1338,240,10
1339,220,9
1340,40,0
1341,260,11
1342,80,2
1343,220,9
1344,80,2
1345,160,6
1346,220,9
1347,100,3
1348,160,6
1349,260,11
1350,200,8
1351,100,3
1352,180,7
1353,40,0
1354,180,7
1355,160,6
1356,80,2
1357,140,5
1358,240,10
1359,40,0
1360,80,2
1361,140,5
1362,160,6
1363,100,3
1364,220,9
1365,240,10
1366,80,2
1367,80,2
1368,60,1
1369,120,4
1370,260,11
1371,60,1
1372,160,6
1373,220,9
1374,140,5
1375,200,8
1376,120,4
1377,140,5
1378,40,0
1379,200,8
1380,260,11
1381,140,5
1382,80,2
1383,220,9
1384,60,1
1385,140,5
1386,160,6
1387,260,11
1388,120,4
1389,160,6
1390,120,4
1391,260,11
1392,180,7
1393,160,6
1394,200,8
1395,160,6
1396,240,10
1397,160,6
1398,80,2
1399,140,5
1400,120,4
1401,40,0
1402,260,11
1403,160,6
1404,200,8
1405,60,1
1406,220,9
1407,260,11
1408,240,10
1409,260,11
1410,80,2
1411,160,6
1412,80,2
1413,260,11
1414,140,5
1415,180,7
1416,100,3
1417,120,4
1418,200,8
1419,160,6
1420,140,5
1421,80,2
1422,160,6
1423,220,9
1424,140,5
1425,260,11
1426,160,6
1427,40,0
1428,160,6
1429,240,10
1430,140,5
1431,60,1
1432,100,3
1433,100,3
1434,160,6
1435,240,10
1436,140,5
1437,160,6
1438,180,7
1439,240,10
1440,40,0
1441,140,5
1442,80,2
1443,60,1
1444,160,6
1445,220,9
1446,100,3
1447,120,4
1448,80,2
1449,260,11
1450,180,7
1451,240,10
1452,80,2
1453,100,3
1454,160,6
1455,200,8
1456,240,10
1457,240,10
1458,180,7
1459,240,10
1460,240,10
1461,180,7
1462,40,0
1463,40,0
1464,120,4
1465,160,6
1466,260,11
1467,140,5
1468,260,11
1469,100,3
1470,120,4
1471,80,2
1472,200,8
1473,240,10
1474,60,1
1475,60,1
1476,100,3
1477,80,2
1478,200,8
1479,200,8
1480,160,6
1481,120,4
1482,60,1
1483,80,2
1484,40,0
1485,40,0
1486,140,5
1487,40,0
1488,40,0
1489,40,0
1490,200,8
1491,120,4
1492,120,4
1493,100,3
1494,40,0
1495,80,2
1496,220,9
1497,100,3
1498,260,11
1499,180,7
1500,260,11
1501,180,7
1502,60,1
1503,180,7
1504,100,3
1505,160,6
1506,40,0
1507,260,11
1508,180,7
1509,260,11
1510,160,6
1511,160,6
1512,120,4
1513,80,2
1514,100,3
1515,100,3
1516,140,5
1517,180,7
1518,260,11
1519,80,2
1520,40,0
1521,100,3
1522,140,5
1523,220,9
1524,160,6
1525,60,1
1526,160,6
1527,240,10
1528,120,4
1529,60,1
1530,240,10
1531,100,3
1532,60,1
1533,140,5
1534,180,7
1535,80,2
1536,220,9
1537,40,0
1538,80,2
1539,240,10
1540,160,6
1541,140,5
1542,260,11
1543,260,11
1544,40,0
1545,80,2
1546,100,3
1547,240,10
1548,80,2
1549,120,4
1550,260,11
1551,180,7
1552,260,11
1553,200,8
1554,160,6
1555,260,11
1556,160,6
1557,140,5
1558,140,5
1559,160,6
1560,260,11
1561,160,6
1562,80,2
1563,40,0
1564,80,2
1565,40,0
1566,260,11
1567,120,4
1568,220,9
1569,180,7
1570,100,3
1571,100,3
1572,200,8
1573,140,5
1574,220,9
1575,40,0
1576,180,7
1577,100,3
1578,120,4
1579,100,3
1580,240,10
1581,60,1
1582,220,9
1583,220,9
1584,100,3
1585,220,9
1586,100,3
1587,160,6
1588,120,4
1589,80,2
1590,100,3
1591,120,4
1592,260,11
1593,240,10
1594,120,4
1595,140,5
1596,80,2
1597,120,4
1598,60,1
1599,180,7
1600,260,11
1601,260,11
1602,120,4
1603,120,4
1604,260,11
1605,140,5
1606,260,11
1607,180,7
1608,100,3
1609,40,0
1610,240,10
1611,80,2
1612,100,3
1613,160,6
1614,220,9
1615,220,9
1616,80,2
1617,200,8
1618,240,10
1619,120,4
1620,160,6
1621,40,0
1622,140,5
1623,260,11
1624,200,8
1625,180,7
1626,140,5
1627,220,9
1628,120,4
1629,120,4
1630,180,7
1631,160,6
1632,260,11
1633,80,2
1634,200,8
1635,160,6
1636,180,7
1637,260,11
1638,200,8
1639,120,4
1640,100,3
1641,40,0
1642,100,3
1643,140,5
1644,40,0
1645,160,6
1646,240,10
1647,100,3
1648,160,6
1649,160,6
1650,140,5
1651,40,0
1652,140,5
1653,260,11
1654,100,3
1655,80,2
1656,140,5
1657,120,4
1658,260,11
1659,180,7
1660,100,3
1661,80,2
1662,200,8
1663,240,10
1664,40,0
1665,140,5
1666,40,0
1667,120,4
1668,220,9
1669,220,9
1670,80,2
1671,260,11
1672,160,6
1673,200,8
1674,140,5
1675,140,5
1676,240,10
1677,240,10
1678,80,2
1679,240,10
1680,60,1
1681,200,8
1682,60,1
1683,60,1
1684,140,5
1685,140,5
1686,180,7
1687,240,10
1688,40,0
1689,220,9
1690,60,1
1691,240,10
1692,40,0
1693,120,4
1694,240,10
1695,200,8
1696,60,1
1697,180,7
1698,220,9
1699,100,3
1700,140,5
1701,200,8
1702,240,10
1703,100,3
1704,140,5
1705,180,7
1706,180,7
1707,60,1
1708,80,2
1709,200,8
1710,260,11
1711,220,9
1712,100,3
1713,40,0
1714,100,3
1715,100,3
1716,160,6
1717,100,3
1718,60,1
1719,100,3
1720,60,1
1721,120,4
1722,140,5
1723,200,8
1724,240,10
1725,160,6
1726,140,5
1727,260,11
1728,220,9
1729,140,5
1730,180,7
1731,260,11
1732,220,9
1733,140,5
1734,120,4
1735,100,3
1736,220,9
1737,240,10
1738,160,6
1739,220,9
1740,260,11
1741,240,10
1742,140,5
1743,40,0
1744,240,10
1745,140,5
1746,160,6
1747,80,2
1748,140,5
1749,120,4
1750,40,0
1751,60,1
1752,240,10
1753,60,1
1754,40,0
1755,120,4
1756,220,9
1757,220,9
1758,120,4
1759,180,7
1760,240,10
1761,140,5
1762,80,2
1763,260,11
1764,60,1
1765,40,0
1766,220,9
1767,40,0
1768,100,3
1769,240,10
1770,220,9
1771,60,1
1772,220,9
1773,220,9
1774,200,8
1775,100,3
1776,180,7
1777,260,11
1778,260,11
1779,40,0
1780,120,4
1781,80,2
1782,200,8
1783,260,11
1784,140,5
1785,200,8
1786,200,8
1787,240,10
1788,120,4
1789,100,3
1790,260,11
1791,80,2
1792,160,6
1793,100,3
1794,220,9
1795,160,6
1796,220,9
1797,140,5
1798,200,8
1799,240,10
1800,180,7
1801,200,8
1802,40,0
1803,140,5
1804,140,5
1805,80,2
1806,100,3
1807,160,6
1808,220,9
1809,260,11
1810,200,8
1811,140,5
1812,200,8
1813,220,9
1814,220,9
1815,220,9
1816,120,4
1817,200,8
1818,120,4
1819,80,2
1820,240,10
1821,200,8
1822,60,1
1823,120,4
1824,40,0
1825,200,8
1826,240,10
1827,220,9
1828,140,5
1829,160,6
1830,220,9
1831,60,1
1832,200,8
1833,160,6
1834,180,7
1835,260,11
1836,260,11
1837,260,11
1838,140,5
1839,100,3
1840,60,1
1841,220,9
1842,40,0
1843,220,9
1844,180,7
1845,260,11
1846,60,1
1847,80,2
1848,260,11
1849,40,0
1850,180,7
1851,260,11
1852,240,10
1853,100,3
1854,120,4
1855,240,10
1856,220,9
1857,60,1
1858,240,10
1859,220,9
1860,140,5
1861,200,8
1862,60,1
1863,60,1
1864,260,11
1865,220,9
1866,80,2
1867,240,10
1868,200,8
1869,260,11
1870,180,7
1871,80,2
1872,260,11
1873,240,10
1874,80,2
1875,220,9
1876,200,8
1877,120,4
1878,60,1
1879,220,9
1880,100,3
1881,140,5
1882,100,3
1883,240,10
1884,100,3
1885,40,0
1886,80,2
1887,220,9
1888,100,3
1889,200,8
1890,240,10
1891,220,9
1892,200,8
1893,160,6
1894,100,3
1895,160,6
1896,140,5
1897,100,3
1898,240,10
1899,200,8
1900,260,11
1901,180,7
1902,120,4
1903,140,5
1904,100,3
1905,180,7
1906,200,8
1907,180,7
1908,260,11
1909,140,5
1910,240,10
1911,120,4
1912,260,11
1913,120,4
1914,120,4
1915,200,8
1916,100,3
1917,60,1
1918,120,4
1919,240,10
1920,60,1
1921,40,0
1922,100,3
1923,240,10
1924,100,3
1925,100,3
1926,260,11
1927,240,10
1928,140,5
1929,220,9
1930,260,11
1931,60,1
1932,240,10
1933,220,9
1934,220,9
1935,100,3
1936,100,3
1937,80,2
1938,240,10
1939,220,9
1940,40,0
1941,100,3
1942,240,10
1943,60,1
1944,100,3
1945,120,4
1946,220,9
1947,80,2
1948,120,4
1949,260,11
1950,60,1
1951,260,11
1952,180,7
1953,60,1
1954,220,9
1955,120,4
1956,40,0
1957,140,5
1958,100,3
1959,140,5
1960,240,10
1961,260,11
1962,260,11
1963,220,9
1964,80,2
1965,60,1
1966,40,0
1967,120,4
1968,120,4
1969,160,6
1970,200,8
1971,220,9
1972,220,9
1973,200,8
1974,260,11
1975,80,2
1976,120,4
1977,140,5
1978,160,6
1979,220,9
1980,180,7
1981,40,0
1982,200,8
1983,40,0
1984,80,2
1985,200,8
1986,220,9
1987,140,5
1988,60,1
1989,200,8
1990,260,11
1991,180,7
1992,180,7
1993,220,9
1994,240,10
1995,40,0
1996,200,8
1997,180,7
1998,240,10
1999,240,10
2000,40,0
