trial,freq,marker
1,200,4
2,250,5
3,100,2
4,100,2
5,250,5
6,100,2
7,250,5
8,250,5
9,100,2
10,250,5
11,100,2
12,100,2
13,150,3
14,50,1
15,150,3
16,100,2
17,50,1
18,50,1
19,150,3
20,150,3
21,250,5
22,150,3
23,200,4
24,100,2
25,150,3
26,250,5
27,200,4
28,50,1
29,100,2
30,50,1
31,200,4
32,200,4
33,150,3
34,150,3
35,50,1
36,250,5
37,100,2
38,50,1
39,100,2
40,100,2
41,100,2
42,150,3
43,50,1
44,200,4
45,50,1
46,150,3
47,200,4
48,100,2
49,50,1
50,200,4
51,250,5
52,200,4
53,150,3
54,50,1
55,200,4
56,100,2
57,50,1
58,100,2
59,100,2
60,100,2
61,100,2
62,100,2
63,50,1
64,250,5
65,200,4
66,100,2
67,100,2
68,200,4
69,250,5
70,150,3
71,250,5
72,250,5
73,150,3
74,200,4
75,100,2
76,150,3
77,150,3
78,200,4
79,200,4
80,150,3
81,100,2
82,150,3
83,250,5
84,100,2
85,250,5
86,50,1
87,150,3
88,50,1
89,150,3
90,250,5
91,250,5
92,50,1
93,200,4
94,50,1
95,150,3
96,250,5
97,50,1
98,250,5
99,50,1
100,200,4
101,50,1
102,100,2
103,200,4
104,150,3
105,250,5
106,250,5
107,150,3
108,100,2
109,250,5
110,50,1
111,200,4
112,250,5
113,150,3
114,250,5
115,100,2
116,150,3
117,200,4
118,200,4
119,150,3
120,200,4
121,150,3
122,150,3
123,150,3
124,150,3
125,50,1
126,150,3
127,100,2
128,200,4
129,250,5
130,50,1
131,200,4
132,50,1
133,200,4
134,150,3
135,100,2
136,200,4
137,250,5
138,200,4
139,150,3
140,150,3
141,250,5
142,250,5
143,50,1
144,100,2
145,50,1
146,150,3
147,250,5
148,200,4
149,250,5
150,100,2
151,150,3
152,150,3
153,200,4
154,50,1
155,250,5
156,150,3
157,200,4
158,200,4
159,50,1
160,200,4
161,50,1
162,50,1
163,50,1
164,200,4
165,150,3
166,200,4
167,150,3
168,150,3
169,250,5
170,200,4
171,50,1
172,100,2
173,250,5
174,150,3
175,150,3
176,100,2
177,200,4
178,50,1
179,100,2
180,200,4
181,200,4
182,200,4
183,200,4
184,150,3
185,200,4
186,50,1
187,100,2
188,250,5
189,250,5
190,50,1
191,150,3
192,200,4
193,200,4
194,200,4
195,150,3
196,150,3
197,50,1
198,100,2
199,250,5
200,150,3
201,200,4
202,150,3
203,50,1
204,100,2
205,100,2
206,50,1
207,100,2
208,150,3
209,200,4
210,150,3
211,200,4
212,200,4
213,50,1
214,250,5
215,50,1
216,250,5
217,150,3
218,50,1
219,50,1
220,200,4
221,200,4
222,150,3
223,150,3
224,50,1
225,150,3
226,50,1
227,250,5
228,100,2
229,50,1
230,50,1
231,250,5
232,150,3
233,150,3
234,50,1
235,50,1
236,50,1
237,50,1
238,200,4
239,100,2
240,250,5
241,100,2
242,250,5
243,200,4
244,150,3
245,200,4
246,50,1
247,150,3
248,200,4
249,50,1
250,250,5
251,50,1
252,200,4
253,250,5
254,250,5
255,250,5
256,250,5
257,150,3
258,250,5
259,250,5
260,50,1
261,200,4
262,150,3
263,250,5
264,100,2
265,100,2
266,200,4
267,200,4
268,250,5
269,200,4
270,50,1
271,150,3
272,200,4
273,100,2
274,200,4
275,50,1
276,100,2
277,200,4
278,250,5
279,200,4
280,250,5
281,50,1
282,150,3
283,50,1
284,250,5
285,200,4
286,50,1
287,150,3
288,150,3
289,100,2
290,150,3
291,100,2
292,50,1
293,250,5
294,50,1
295,200,4
296,100,2
297,200,4
298,100,2
299,50,1
300,200,4
301,200,4
302,250,5
303,150,3
304,150,3
305,250,5
306,100,2
307,100,2
308,50,1
309,200,4
310,200,4
311,250,5
312,100,2
313,150,3
314,150,3
315,150,3
316,50,1
317,50,1
318,150,3
319,100,2
320,250,5
321,100,2
322,150,3
323,250,5
324,200,4
325,50,1
326,200,4
327,50,1
328,50,1
329,200,4
330,250,5
331,50,1
332,150,3
333,100,2
334,250,5
335,250,5
336,50,1
337,200,4
338,50,1
339,50,1
340,250,5
341,250,5
342,200,4
343,250,5
344,250,5
345,250,5
346,100,2
347,50,1
348,250,5
349,150,3
350,200,4
351,200,4
352,200,4
353,150,3
354,200,4
355,250,5
356,150,3
357,250,5
358,250,5
359,200,4
360,100,2
361,250,5
362,150,3
363,100,2
364,150,3
365,200,4
366,100,2
367,150,3
368,150,3
369,250,5
370,50,1
371,50,1
372,100,2
373,50,1
374,150,3
375,200,4
376,200,4
377,50,1
378,200,4
379,150,3
380,50,1
381,250,5
382,200,4
383,100,2
384,200,4
385,100,2
386,150,3
387,100,2
388,100,2
389,150,3
390,150,3
391,200,4
392,50,1
393,200,4
394,50,1
395,200,4
396,150,3
397,250,5
398,250,5
399,100,2
400,100,2
401,150,3
402,100,2
403,100,2
404,200,4
405,50,1
406,50,1
407,200,4
408,200,4
409,150,3
410,50,1
411,150,3
412,200,4
413,250,5
414,150,3
415,150,3
416,200,4
417,100,2
418,100,2
419,200,4
420,100,2
421,150,3
422,200,4
423,200,4
424,250,5
425,50,1
426,250,5
427,200,4
428,200,4
429,100,2
430,100,2
431,50,1
432,250,5
433,150,3
434,50,1
435,50,1
436,200,4
437,150,3
438,250,5
439,200,4
440,250,5
441,250,5
442,100,2
443,250,5
444,50,1
445,200,4
446,200,4
447,200,4
448,50,1
449,100,2
450,200,4
451,50,1
452,50,1
453,250,5
454,200,4
455,200,4
456,150,3
457,100,2
458,50,1
459,250,5
460,150,3
461,200,4
462,200,4
463,150,3
464,200,4
465,200,4
466,50,1
467,150,3
468,250,5
469,200,4
470,100,2
471,100,2
472,200,4
473,200,4
474,200,4
475,150,3
476,50,1
477,250,5
478,250,5
479,50,1
480,250,5
481,200,4
482,200,4
483,150,3
484,150,3
485,150,3
486,50,1
487,250,5
488,50,1
489,100,2
490,150,3
491,250,5
492,150,3
493,100,2
494,100,2
495,100,2
496,200,4
497,150,3
498,200,4
499,250,5
500,250,5
501,250,5
502,100,2
503,150,3
504,100,2
505,200,4
506,150,3
507,150,3
508,50,1
509,200,4
510,250,5
511,200,4
512,200,4
513,200,4
514,150,3
515,150,3
516,150,3
517,250,5
518,50,1
519,150,3
520,100,2
521,50,1
522,250,5
523,150,3
524,200,4
525,100,2
526,50,1
527,200,4
528,100,2
529,150,3
530,150,3
531,200,4
532,200,4
533,250,5
534,50,1
535,250,5
536,250,5
537,200,4
538,100,2
539,100,2
540,200,4
541,150,3
542,50,1
543,200,4
544,250,5
545,50,1
546,200,4
547,100,2
548,250,5
549,50,1
550,100,2
551,100,2
552,250,5
553,200,4
554,150,3
555,250,5
556,250,5
557,200,4
558,250,5
559,200,4
560,50,1
561,150,3
562,200,4
563,250,5
564,100,2
565,250,5
566,150,3
567,100,2
568,250,5
569,150,3
570,50,1
571,50,1
572,100,2
573,100,2
574,200,4
575,100,2
576,150,3
577,250,5
578,100,2
579,250,5
580,100,2
581,150,3
582,100,2
583,50,1
584,100,2
585,100,2
586,150,3
587,250,5
588,150,3
589,200,4
590,200,4
591,200,4
592,100,2
593,250,5
594,250,5
595,200,4
596,150,3
597,200,4
598,50,1
599,250,5
600,150,3
601,150,3
602,50,1
603,150,3
604,200,4
605,150,3
606,250,5
607,100,2
608,250,5
609,250,5
610,100,2
611,200,4
612,50,1
613,100,2
614,200,4
615,150,3
616,200,4
617,100,2
618,100,2
619,200,4
620,100,2
621,250,5
622,150,3
623,50,1
624,150,3
625,250,5
626,50,1
627,250,5
628,200,4
629,200,4
630,250,5
631,100,2
632,50,1
633,100,2
634,150,3
635,250,5
636,100,2
637,50,1
638,150,3
639,50,1
640,150,3
641,150,3
642,150,3
643,100,2
644,150,3
645,200,4
646,250,5
647,50,1
648,150,3
649,50,1
650,150,3
651,200,4
652,250,5
653,200,4
654,100,2
655,100,2
656,100,2
657,100,2
658,50,1
659,50,1
660,250,5
661,250,5
662,250,5
663,200,4
664,200,4
665,50,1
666,100,2
667,200,4
668,150,3
669,100,2
670,50,1
671,250,5
672,50,1
673,100,2
674,100,2
675,250,5
676,50,1
677,100,2
678,200,4
679,150,3
680,250,5
681,200,4
682,200,4
683,200,4
684,200,4
685,150,3
686,200,4
687,250,5
688,200,4
689,50,1
690,50,1
691,250,5
692,250,5
693,150,3
694,200,4
695,150,3
696,100,2
697,200,4
698,200,4
699,50,1
700,50,1
701,150,3
702,250,5
703,200,4
704,100,2
705,150,3
706,100,2
707,200,4
708,200,4
709,200,4
710,100,2
711,250,5
712,150,3
713,50,1
714,150,3
715,100,2
716,150,3
717,150,3
718,150,3
719,150,3
720,150,3
721,100,2
722,150,3
723,100,2
724,200,4
725,50,1
726,250,5
727,100,2
728,100,2
729,100,2
730,150,3
731,50,1
732,250,5
733,100,2
734,150,3
735,200,4
736,100,2
737,200,4
738,150,3
739,100,2
740,250,5
741,50,1
742,250,5
743,200,4
744,150,3
745,200,4
746,150,3
747,250,5
748,50,1
749,50,1
750,200,4
751,50,1
752,100,2
753,150,3
754,100,2
755,50,1
756,150,3
757,50,1
758,100,2
759,250,5
760,250,5
761,150,3
762,150,3
763,200,4
764,100,2
765,100,2
766,150,3
767,200,4
768,50,1
769,50,1
770,50,1
771,200,4
772,100,2
773,50,1
774,50,1
775,150,3
776,150,3
777,100,2
778,100,2
779,250,5
780,100,2
781,100,2
782,250,5
783,50,1
784,100,2
785,150,3
786,100,2
787,250,5
788,150,3
789,50,1
790,50,1
791,50,1
792,50,1
793,200,4
794,150,3
795,50,1
796,250,5
797,250,5
798,100,2
799,250,5
800,50,1
801,50,1
802,100,2
803,50,1
804,150,3
805,50,1
806,250,5
807,200,4
808,150,3
809,150,3
810,50,1
811,200,4
812,200,4
813,200,4
814,250,5
815,200,4
816,250,5
817,200,4
818,50,1
819,150,3
820,50,1
821,50,1
822,100,2
823,200,4
824,150,3
825,100,2
826,50,1
827,100,2
828,50,1
829,150,3
830,150,3
831,50,1
832,50,1
833,200,4
834,100,2
835,50,1
836,250,5
837,200,4
838,200,4
839,50,1
840,150,3
841,200,4
842,100,2
843,100,2
844,250,5
845,150,3
846,50,1
847,250,5
848,150,3
849,50,1
850,250,5
851,100,2
852,250,5
853,50,1
854,50,1
855,100,2
856,100,2
857,150,3
858,200,4
859,100,2
860,250,5
861,50,1
862,250,5
863,150,3
864,50,1
865,100,2
866,150,3
867,150,3
868,250,5
869,50,1
870,250,5
871,200,4
872,100,2
873,250,5
874,200,4
875,150,3
876,100,2
877,200,4
878,150,3
879,150,3
880,250,5
881,50,1
882,150,3
883,250,5
884,250,5
885,150,3
886,250,5
887,100,2
888,50,1
889,150,3
890,50,1
891,200,4
892,200,4
893,200,4
894,150,3
895,150,3
896,250,5
897,100,2
898,100,2
899,250,5
900,100,2
901,50,1
902,100,2
903,200,4
904,250,5
905,250,5
906,100,2
907,150,3
908,150,3
909,50,1
910,200,4
911,200,4
912,200,4
913,200,4
914,100,2
915,200,4
916,50,1
917,150,3
918,100,2
919,50,1
920,250,5
921,50,1
922,150,3
923,250,5
924,200,4
925,150,3
926,150,3
927,50,1
928,150,3
929,250,5
930,100,2
931,50,1
932,250,5
933,100,2
934,200,4
935,250,5
936,100,2
937,200,4
938,250,5
939,250,5
940,200,4
941,250,5
942,150,3
943,50,1
944,200,4
945,100,2
946,50,1
947,150,3
948,200,4
949,50,1
950,150,3
951,250,5
952,200,4
953,50,1
954,150,3
955,50,1
956,50,1
957,150,3
958,100,2
959,250,5
960,150,3
961,50,1
962,150,3
963,250,5
964,150,3
965,250,5
966,250,5
967,200,4
968,150,3
969,50,1
970,50,1
971,50,1
972,150,3
973,250,5
974,250,5
975,100,2
976,250,5
977,50,1
978,250,5
979,50,1
980,250,5
981,50,1
982,50,1
983,250,5
984,250,5
985,200,4
986,100,2
987,250,5
988,200,4
989,100,2
990,250,5
991,100,2
992,100,2
993,200,4
994,200,4
995,200,4
996,100,2
997,50,1
998,100,2
999,150,3
1000,100,2
1001,200,4
1002,50,1
1003,200,4
1004,100,2
1005,50,1
1006,50,1
1007,50,1
1008,250,5
1009,200,4
1010,50,1
1011,100,2
1012,250,5
1013,250,5
1014,200,4
1015,100,2
1016,250,5
1017,200,4
1018,50,1
1019,150,3
1020,100,2
1021,50,1
1022,250,5
1023,50,1
1024,250,5
1025,200,4
1026,50,1
1027,100,2
1028,100,2
1029,50,1
1030,50,1
1031,50,1
1032,100,2
1033,150,3
1034,200,4
1035,150,3
1036,50,1
1037,50,1
1038,150,3
1039,100,2
1040,50,1
1041,250,5
1042,50,1
1043,50,1
1044,250,5
1045,200,4
1046,250,5
1047,100,2
1048,250,5
1049,250,5
1050,150,3
1051,100,2
1052,250,5
1053,200,4
1054,50,1
1055,250,5
1056,100,2
1057,150,3
1058,250,5
1059,200,4
1060,50,1
1061,250,5
1062,100,2
1063,50,1
1064,100,2
1065,200,4
1066,100,2
1067,250,5
1068,200,4
1069,100,2
1070,150,3
1071,100,2
1072,150,3
1073,250,5
1074,150,3
1075,50,1
1076,50,1
1077,50,1
1078,250,5
1079,150,3
1080,100,2
1081,150,3
1082,100,2
1083,50,1
1084,50,1
1085,250,5
1086,100,2
1087,50,1
1088,50,1
1089,100,2
1090,150,3
1091,200,4
1092,50,1
1093,250,5
1094,250,5
1095,150,3
1096,50,1
1097,100,2
1098,150,3
1099,250,5
1100,50,1
1101,50,1
1102,100,2
1103,150,3
1104,250,5
1105,100,2
1106,150,3
1107,50,1
1108,100,2
1109,200,4
1110,100,2
1111,250,5
1112,150,3
1113,150,3
1114,50,1
1115,200,4
1116,200,4
1117,150,3
1118,100,2
1119,150,3
1120,50,1
1121,150,3
1122,250,5
1123,50,1
1124,100,2
1125,150,3
1126,150,3
1127,250,5
1128,250,5
1129,100,2
1130,50,1
1131,200,4
1132,250,5
1133,150,3
1134,50,1
1135,150,3
1136,50,1
1137,200,4
1138,100,2
1139,50,1
1140,100,2
1141,250,5
1142,150,3
1143,150,3
1144,150,3
1145,250,5
1146,200,4
1147,100,2
1148,150,3
1149,150,3
1150,50,1
1151,50,1
1152,100,2
1153,250,5
1154,250,5
1155,100,2
1156,250,5
1157,150,3
1158,200,4
1159,250,5
1160,50,1
1161,50,1
1162,150,3
1163,50,1
1164,200,4
1165,150,3
1166,50,1
1167,200,4
1168,150,3
1169,100,2
1170,250,5
1171,150,3
1172,50,1
1173,200,4
1174,100,2
1175,150,3
1176,50,1
1177,150,3
1178,150,3
1179,150,3
1180,150,3
1181,100,2
1182,250,5
1183,150,3
1184,200,4
1185,100,2
1186,150,3
1187,250,5
1188,250,5
1189,150,3
1190,100,2
1191,200,4
1192,150,3
1193,250,5
1194,100,2
1195,50,1
1196,150,3
1197,100,2
1198,50,1
1199,250,5
1200,250,5
